<?xml version="1.0" encoding="UTF-8"?>
<testng-results ignored="1" total="2" passed="1" failed="0" skipped="0">
  <reporter-output>
  </reporter-output>
  <suite started-at="2022-07-08T16:03:20 IST" name="Default suite" finished-at="2022-07-08T16:04:23 IST" duration-ms="62692">
    <groups>
    </groups>
    <test started-at="2022-07-08T16:03:20 IST" name="Default test" finished-at="2022-07-08T16:04:23 IST" duration-ms="62692">
      <class name="TestCase.RegisterTest">
        <test-method is-config="true" signature="launch()[pri:0, instance:TestCase.RegisterTest@52af26ee]" started-at="2022-07-08T16:03:20 IST" name="launch" finished-at="2022-07-08T16:04:14 IST" duration-ms="53939" status="PASS">
          <reporter-output>
          </reporter-output>
        </test-method> <!-- launch -->
        <test-method signature="addToWishList()[pri:0, instance:TestCase.RegisterTest@52af26ee]" started-at="2022-07-08T16:04:14 IST" name="addToWishList" finished-at="2022-07-08T16:04:22 IST" duration-ms="8231" status="PASS">
          <reporter-output>
          </reporter-output>
        </test-method> <!-- addToWishList -->
        <test-method is-config="true" signature="teraDown()[pri:0, instance:TestCase.RegisterTest@52af26ee]" started-at="2022-07-08T16:04:22 IST" name="teraDown" finished-at="2022-07-08T16:04:23 IST" duration-ms="414" status="PASS">
          <reporter-output>
          </reporter-output>
        </test-method> <!-- teraDown -->
      </class> <!-- TestCase.RegisterTest -->
    </test> <!-- Default test -->
  </suite> <!-- Default suite -->
</testng-results>
